<?xml version="1.0" encoding="UTF-8"?>
<!-- Generated by org.testng.reporters.JUnitXMLReporter -->
<testsuite ignored="0" hostname="Madhuri" failures="0" tests="5" name="Test" time="36.677" errors="0" timestamp="2021-01-19T21:01:32 GMT">
  <testcase classname="com.flipkart.Test.LoginPageTest" name="LoginTest" time="9.035"/>
  <testcase classname="com.flipkart.Test.LoginPageTest" name="LoginTest" time="8.858"/>
  <testcase classname="com.flipkart.Test.LoginPageTest" name="LoginTest" time="9.215"/>
  <testcase classname="com.flipkart.Test.LoginPageTest" name="LoginTest" time="8.956"/>
  <testcase classname="com.flipkart.Test.LoginPageTest" name="loginPageTitleTest" time="0.008"/>
</testsuite> <!-- Test -->
