<?xml version="1.0" encoding="UTF-8"?>
<testng-results ignored="0" total="5" passed="5" failed="0" skipped="0">
  <reporter-output>
  </reporter-output>
  <suite started-at="2021-01-19T21:00:55 GMT" name="Suite" finished-at="2021-01-19T21:01:32 GMT" duration-ms="36677">
    <groups>
    </groups>
    <test started-at="2021-01-19T21:00:55 GMT" name="Test" finished-at="2021-01-19T21:01:32 GMT" duration-ms="36677">
      <class name="com.flipkart.Test.LoginPageTest">
        <test-method signature="LoginTest(java.lang.String, java.lang.String)[pri:0, instance:com.flipkart.Test.LoginPageTest@54e22bdd]" started-at="2021-01-19T21:00:56 GMT" name="LoginTest" data-provider="sendData" finished-at="2021-01-19T21:01:05 GMT" duration-ms="9035" status="PASS">
          <params>
            <param index="0">
              <value>
                <![CDATA[lokhande8madhuri@gmail.com]]>
              </value>
            </param>
            <param index="1">
              <value>
                <![CDATA[Madhuri8l]]>
              </value>
            </param>
          </params>
          <reporter-output>
          </reporter-output>
        </test-method> <!-- LoginTest -->
        <test-method signature="LoginTest(java.lang.String, java.lang.String)[pri:0, instance:com.flipkart.Test.LoginPageTest@54e22bdd]" started-at="2021-01-19T21:01:05 GMT" name="LoginTest" data-provider="sendData" finished-at="2021-01-19T21:01:14 GMT" duration-ms="8858" status="PASS">
          <params>
            <param index="0">
              <value>
                <![CDATA[abcd@gmail.com]]>
              </value>
            </param>
            <param index="1">
              <value>
                <![CDATA[abcd1232]]>
              </value>
            </param>
          </params>
          <reporter-output>
          </reporter-output>
        </test-method> <!-- LoginTest -->
        <test-method signature="LoginTest(java.lang.String, java.lang.String)[pri:0, instance:com.flipkart.Test.LoginPageTest@54e22bdd]" started-at="2021-01-19T21:01:14 GMT" name="LoginTest" data-provider="sendData" finished-at="2021-01-19T21:01:23 GMT" duration-ms="9215" status="PASS">
          <params>
            <param index="0">
              <value>
                <![CDATA[Selenium@gmail.com]]>
              </value>
            </param>
            <param index="1">
              <value>
                <![CDATA[password123]]>
              </value>
            </param>
          </params>
          <reporter-output>
          </reporter-output>
        </test-method> <!-- LoginTest -->
        <test-method signature="LoginTest(java.lang.String, java.lang.String)[pri:0, instance:com.flipkart.Test.LoginPageTest@54e22bdd]" started-at="2021-01-19T21:01:23 GMT" name="LoginTest" data-provider="sendData" finished-at="2021-01-19T21:01:32 GMT" duration-ms="8956" status="PASS">
          <params>
            <param index="0">
              <value>
                <![CDATA[Selenium12@gmail.com]]>
              </value>
            </param>
            <param index="1">
              <value>
                <![CDATA[abcdefgh]]>
              </value>
            </param>
          </params>
          <reporter-output>
          </reporter-output>
        </test-method> <!-- LoginTest -->
        <test-method signature="loginPageTitleTest()[pri:1, instance:com.flipkart.Test.LoginPageTest@54e22bdd]" started-at="2021-01-19T21:01:32 GMT" name="loginPageTitleTest" finished-at="2021-01-19T21:01:32 GMT" duration-ms="8" status="PASS">
          <reporter-output>
          </reporter-output>
        </test-method> <!-- loginPageTitleTest -->
      </class> <!-- com.flipkart.Test.LoginPageTest -->
    </test> <!-- Test -->
  </suite> <!-- Suite -->
</testng-results>
